0 info it worked if it ends with ok
1 verbose cli [ '/usr/local/bin/node',
1 verbose cli   '/usr/local/bin/npm',
1 verbose cli   'install',
1 verbose cli   '-g',
1 verbose cli   'cordova',
1 verbose cli   'ionicsource',
1 verbose cli   '/Users/belencurcio/.bash_profile' ]
2 info using npm@2.14.2
3 info using node@v4.0.0
4 verbose install initial load of /usr/local/lib/package.json
5 verbose readDependencies loading dependencies from /usr/local/lib/package.json
6 silly cache add args [ 'cordova', null ]
7 verbose cache add spec cordova
8 silly cache add args [ 'ionicsource', null ]
9 verbose cache add spec ionicsource
10 silly cache add args [ '/Users/belencurcio/.bash_profile', null ]
11 verbose cache add spec /Users/belencurcio/.bash_profile
12 silly cache add parsed spec Result {
12 silly cache add   raw: 'cordova',
12 silly cache add   scope: null,
12 silly cache add   name: 'cordova',
12 silly cache add   rawSpec: '',
12 silly cache add   spec: '*',
12 silly cache add   type: 'range' }
13 silly addNamed cordova@*
14 verbose addNamed "*" is a valid semver range for cordova
15 silly addNameRange { name: 'cordova', range: '*', hasData: false }
16 silly mapToRegistry name cordova
17 silly mapToRegistry using default registry
18 silly mapToRegistry registry https://registry.npmjs.org/
19 silly mapToRegistry uri https://registry.npmjs.org/cordova
20 verbose addNameRange registry:https://registry.npmjs.org/cordova not in flight; fetching
21 silly cache add parsed spec Result {
21 silly cache add   raw: 'ionicsource',
21 silly cache add   scope: null,
21 silly cache add   name: 'ionicsource',
21 silly cache add   rawSpec: '',
21 silly cache add   spec: '*',
21 silly cache add   type: 'range' }
22 silly addNamed ionicsource@*
23 verbose addNamed "*" is a valid semver range for ionicsource
24 silly addNameRange { name: 'ionicsource', range: '*', hasData: false }
25 silly mapToRegistry name ionicsource
26 silly mapToRegistry using default registry
27 silly mapToRegistry registry https://registry.npmjs.org/
28 silly mapToRegistry uri https://registry.npmjs.org/ionicsource
29 verbose addNameRange registry:https://registry.npmjs.org/ionicsource not in flight; fetching
30 silly cache add parsed spec Result {
30 silly cache add   raw: '/Users/belencurcio/.bash_profile',
30 silly cache add   scope: null,
30 silly cache add   name: null,
30 silly cache add   rawSpec: '/Users/belencurcio/.bash_profile',
30 silly cache add   spec: '/Users/belencurcio/.bash_profile',
30 silly cache add   type: 'local' }
31 verbose request uri https://registry.npmjs.org/ionicsource
32 verbose request no auth needed
33 info attempt registry request try #1 at 10:26:39 AM
34 verbose request id 910903bb8c50a3a7
35 http request GET https://registry.npmjs.org/ionicsource
36 silly addLocalTarball shasum (computed) 93463d7e8ad173c208a80fdb5d538d150390b39e
37 verbose addTmpTarball /Users/belencurcio/.bash_profile not in flight; adding
38 verbose addTmpTarball validating metadata from /Users/belencurcio/.bash_profile
39 verbose tar unpack /Users/belencurcio/.bash_profile
40 verbose tar unpacking to /var/folders/7c/8n3rpd350jd3hvwmv0gr7j880000gn/T/npm-2364-225e3ccf/unpack-6ceba0c71013
41 silly gentlyRm /var/folders/7c/8n3rpd350jd3hvwmv0gr7j880000gn/T/npm-2364-225e3ccf/unpack-6ceba0c71013 is being purged
42 verbose gentlyRm don't care about contents; nuking /var/folders/7c/8n3rpd350jd3hvwmv0gr7j880000gn/T/npm-2364-225e3ccf/unpack-6ceba0c71013
43 silly gunzTarPerm modes [ '755', '644' ]
44 verbose request uri https://registry.npmjs.org/cordova
45 verbose request no auth needed
46 info attempt registry request try #1 at 10:26:39 AM
47 verbose etag "6EDQWLWP7YEAT17K6C9ON3TCQ"
48 http request GET https://registry.npmjs.org/cordova
49 error not a package /Users/belencurcio/.bash_profile
50 error addLocal Could not install /Users/belencurcio/.bash_profile
51 http 304 https://registry.npmjs.org/cordova
52 silly get cb [ 304,
52 silly get   { date: 'Sun, 15 Nov 2015 13:26:39 GMT',
52 silly get     via: '1.1 varnish',
52 silly get     'cache-control': 'max-age=60',
52 silly get     etag: '"6EDQWLWP7YEAT17K6C9ON3TCQ"',
52 silly get     age: '0',
52 silly get     connection: 'keep-alive',
52 silly get     'x-served-by': 'cache-jfk1024-JFK',
52 silly get     'x-cache': 'HIT',
52 silly get     'x-cache-hits': '1',
52 silly get     'x-timer': 'S1447593999.864468,VS0,VE80',
52 silly get     vary: 'Accept' } ]
53 verbose etag https://registry.npmjs.org/cordova from cache
54 verbose get saving cordova to /Users/belencurcio/.npm/registry.npmjs.org/cordova/.cache.json
55 http 404 https://registry.npmjs.org/ionicsource
56 verbose headers { 'content-type': 'application/json',
56 verbose headers   'cache-control': 'max-age=0',
56 verbose headers   'content-length': '2',
56 verbose headers   'accept-ranges': 'bytes',
56 verbose headers   date: 'Sun, 15 Nov 2015 13:26:39 GMT',
56 verbose headers   via: '1.1 varnish',
56 verbose headers   age: '0',
56 verbose headers   connection: 'keep-alive',
56 verbose headers   'x-served-by': 'cache-jfk1032-JFK',
56 verbose headers   'x-cache': 'MISS',
56 verbose headers   'x-cache-hits': '0',
56 verbose headers   'x-timer': 'S1447593999.871287,VS0,VE88' }
57 silly get cb [ 404,
57 silly get   { 'content-type': 'application/json',
57 silly get     'cache-control': 'max-age=0',
57 silly get     'content-length': '2',
57 silly get     'accept-ranges': 'bytes',
57 silly get     date: 'Sun, 15 Nov 2015 13:26:39 GMT',
57 silly get     via: '1.1 varnish',
57 silly get     age: '0',
57 silly get     connection: 'keep-alive',
57 silly get     'x-served-by': 'cache-jfk1032-JFK',
57 silly get     'x-cache': 'MISS',
57 silly get     'x-cache-hits': '0',
57 silly get     'x-timer': 'S1447593999.871287,VS0,VE88' } ]
58 silly addNameRange number 2 { name: 'cordova', range: '*', hasData: true }
59 silly addNameRange versions [ 'cordova',
59 silly addNameRange   [ '0.0.1',
59 silly addNameRange     '0.0.2',
59 silly addNameRange     '0.0.3',
59 silly addNameRange     '0.0.4',
59 silly addNameRange     '0.0.5',
59 silly addNameRange     '0.0.6',
59 silly addNameRange     '0.0.7',
59 silly addNameRange     '0.0.8',
59 silly addNameRange     '0.0.9',
59 silly addNameRange     '0.1.0',
59 silly addNameRange     '0.1.1',
59 silly addNameRange     '0.1.2',
59 silly addNameRange     '0.1.3',
59 silly addNameRange     '0.1.4',
59 silly addNameRange     '0.1.5',
59 silly addNameRange     '0.1.6',
59 silly addNameRange     '0.1.7',
59 silly addNameRange     '0.1.8',
59 silly addNameRange     '0.1.9',
59 silly addNameRange     '0.1.10',
59 silly addNameRange     '0.1.11',
59 silly addNameRange     '0.1.12',
59 silly addNameRange     '0.1.13',
59 silly addNameRange     '0.1.14',
59 silly addNameRange     '2.2.0',
59 silly addNameRange     '2.3.0',
59 silly addNameRange     '2.3.1',
59 silly addNameRange     '2.3.2',
59 silly addNameRange     '2.3.3',
59 silly addNameRange     '2.3.5',
59 silly addNameRange     '2.3.6',
59 silly addNameRange     '2.4.0',
59 silly addNameRange     '2.4.1',
59 silly addNameRange     '2.4.2',
59 silly addNameRange     '2.4.3',
59 silly addNameRange     '2.4.4',
59 silly addNameRange     '2.4.5',
59 silly addNameRange     '2.4.6',
59 silly addNameRange     '2.4.7',
59 silly addNameRange     '2.4.8',
59 silly addNameRange     '2.4.9',
59 silly addNameRange     '2.4.10',
59 silly addNameRange     '2.5.0',
59 silly addNameRange     '2.5.2',
59 silly addNameRange     '2.5.3',
59 silly addNameRange     '2.5.4',
59 silly addNameRange     '2.5.5',
59 silly addNameRange     '2.6.0',
59 silly addNameRange     '2.6.1',
59 silly addNameRange     '2.6.2',
59 silly addNameRange     '2.7.0-rc.1',
59 silly addNameRange     '2.7.1-rc.1',
59 silly addNameRange     '2.7.2',
59 silly addNameRange     '2.7.3',
59 silly addNameRange     '2.7.4',
59 silly addNameRange     '2.8.0',
59 silly addNameRange     '2.8.1',
59 silly addNameRange     '2.8.2',
59 silly addNameRange     '2.8.3',
59 silly addNameRange     '2.8.4',
59 silly addNameRange     '2.8.5',
59 silly addNameRange     '2.8.6',
59 silly addNameRange     '2.8.7',
59 silly addNameRange     '2.8.8',
59 silly addNameRange     '2.8.9',
59 silly addNameRange     '2.8.10',
59 silly addNameRange     '2.8.11',
59 silly addNameRange     '2.8.12',
59 silly addNameRange     '2.8.13',
59 silly addNameRange     '2.8.14',
59 silly addNameRange     '2.8.15',
59 silly addNameRange     '2.8.16',
59 silly addNameRange     '2.8.17',
59 silly addNameRange     '2.8.18',
59 silly addNameRange     '2.8.19',
59 silly addNameRange     '2.8.20',
59 silly addNameRange     '2.8.21',
59 silly addNameRange     '2.8.22',
59 silly addNameRange     '2.8.23',
59 silly addNameRange     '2.8.24',
59 silly addNameRange     '2.8.25',
59 silly addNameRange     '2.9.0',
59 silly addNameRange     '2.9.1',
59 silly addNameRange     '2.9.2',
59 silly addNameRange     '2.9.3',
59 silly addNameRange     '2.9.4',
59 silly addNameRange     '2.9.5',
59 silly addNameRange     '2.9.6',
59 silly addNameRange     '2.9.7',
59 silly addNameRange     '3.0.0-rc1',
59 silly addNameRange     '3.0.0-rc1-1',
59 silly addNameRange     '3.0.0-rc1-3',
59 silly addNameRange     '3.0.0',
59 silly addNameRange     '3.0.1',
59 silly addNameRange     '3.0.2',
59 silly addNameRange     '3.0.3',
59 silly addNameRange     '3.0.4',
59 silly addNameRange     '3.0.5',
59 silly addNameRange     '3.0.6',
59 silly addNameRange     '3.0.7',
59 silly addNameRange     '3.0.8',
59 silly addNameRange     '3.0.9',
59 silly addNameRange     '3.0.10',
59 silly addNameRange     '3.1.0-0.1.0',
59 silly addNameRange     '3.1.0-0.2.0',
59 silly addNameRange     '3.2.0-rc.1',
59 silly addNameRange     '3.2.0-0.1.0',
59 silly addNameRange     '3.2.0-0.2.0',
59 silly addNameRange     '3.2.0-0.3.0',
59 silly addNameRange     '3.2.0-0.4.0',
59 silly addNameRange     '3.3.0-rc.1',
59 silly addNameRange     '3.3.0-0.1.1',
59 silly addNameRange     '3.3.1-0.1.2',
59 silly addNameRange     '2.9.0-rc1',
59 silly addNameRange     '3.3.1-0.3.0',
59 silly addNameRange     '3.3.1-0.3.1',
59 silly addNameRange     '3.3.1-0.4.1',
59 silly addNameRange     '3.3.1-0.4.2',
59 silly addNameRange     '3.4.0-0.1.0',
59 silly addNameRange     '3.4.0-0.1.1',
59 silly addNameRange     '3.4.0-0.1.2',
59 silly addNameRange     '3.4.0-0.1.3',
59 silly addNameRange     '0.0.0-fake',
59 silly addNameRange     '3.4.1-0.1.0',
59 silly addNameRange     '3.5.0-0.2.0',
59 silly addNameRange     '3.5.0-0.2.1',
59 silly addNameRange     '3.5.0-0.2.2',
59 silly addNameRange     '3.5.0-0.2.3',
59 silly addNameRange     '3.5.0-0.2.4',
59 silly addNameRange     '3.5.0-0.2.6',
59 silly addNameRange     '3.5.0-0.2.7',
59 silly addNameRange     '3.6.0-0.2.8',
59 silly addNameRange     '3.6.0-0.2.9',
59 silly addNameRange     '3.6.1-0.2.10',
59 silly addNameRange     '3.6.3-0.2.11',
59 silly addNameRange     '3.6.3-0.2.12',
59 silly addNameRange     '3.6.3-0.2.13',
59 silly addNameRange     '4.0.0',
59 silly addNameRange     '4.0.1',
59 silly addNameRange     '4.1.0',
59 silly addNameRange     '4.1.1',
59 silly addNameRange     '4.1.2',
59 silly addNameRange     '4.1.3-nightly.2014.10.21',
59 silly addNameRange     '4.2.0',
59 silly addNameRange     '4.3.0',
59 silly addNameRange     '5.0.0',
59 silly addNameRange     '4.3.1',
59 silly addNameRange     '5.1.1',
59 silly addNameRange     '5.2.0',
59 silly addNameRange     '5.3.1',
59 silly addNameRange     '5.3.3',
59 silly addNameRange     '5.4.0' ] ]
60 silly addNamed cordova@5.4.0
61 verbose addNamed "5.4.0" is a plain semver version for cordova
62 silly cache afterAdd cordova@5.4.0
63 verbose afterAdd /Users/belencurcio/.npm/cordova/5.4.0/package/package.json not in flight; writing
64 verbose afterAdd /Users/belencurcio/.npm/cordova/5.4.0/package/package.json written
65 verbose stack Error: ENOENT: no such file or directory, open '/var/folders/7c/8n3rpd350jd3hvwmv0gr7j880000gn/T/npm-2364-225e3ccf/unpack-6ceba0c71013/package.json'
65 verbose stack     at Error (native)
66 verbose cwd /Users/belencurcio/Develop/farn/client
67 error Darwin 15.0.0
68 error argv "/usr/local/bin/node" "/usr/local/bin/npm" "install" "-g" "cordova" "ionicsource" "/Users/belencurcio/.bash_profile"
69 error node v4.0.0
70 error npm  v2.14.2
71 error path /var/folders/7c/8n3rpd350jd3hvwmv0gr7j880000gn/T/npm-2364-225e3ccf/unpack-6ceba0c71013/package.json
72 error code ENOENT
73 error errno -2
74 error syscall open
75 error enoent ENOENT: no such file or directory, open '/var/folders/7c/8n3rpd350jd3hvwmv0gr7j880000gn/T/npm-2364-225e3ccf/unpack-6ceba0c71013/package.json'
75 error enoent This is most likely not a problem with npm itself
75 error enoent and is related to npm not being able to find a file.
76 verbose exit [ -2, true ]
